This file contains any messages produced by compilers while
running configure, to aid debugging if configure makes a mistake.

It was created by Snoopy Logger configure 2.4.9, which was
generated by GNU Autoconf 2.69.  Invocation command line was

  $ ./configure --enable-config-file --sysconfdir=/etc --enable-filtering

## --------- ##
## Platform. ##
## --------- ##

hostname = arne-jansen
uname -m = x86_64
uname -r = 5.4.55-1-pve
uname -s = Linux
uname -v = #1 SMP PVE 5.4.55-1 (Mon, 10 Aug 2020 10:26:27 +0200)

/usr/bin/uname -p = unknown
/bin/uname -X     = unknown

/bin/arch              = unknown
/usr/bin/arch -k       = unknown
/usr/convex/getsysinfo = unknown
/usr/bin/hostinfo      = unknown
/bin/machine           = unknown
/usr/bin/oslevel       = unknown
/bin/universe          = unknown

PATH: /usr/local/sbin
PATH: /usr/local/bin
PATH: /usr/sbin
PATH: /usr/bin
PATH: /sbin
PATH: /bin
PATH: /usr/games
PATH: /usr/local/games
PATH: /snap/bin
PATH: /root/bin


## ----------- ##
## Core tests. ##
## ----------- ##

configure:3482: checking for a BSD-compatible install
configure:3550: result: /usr/bin/install -c
configure:3561: checking whether build environment is sane
configure:3616: result: yes
configure:3765: checking for a thread-safe mkdir -p
configure:3804: result: /bin/mkdir -p
configure:3811: checking for gawk
configure:3827: found /usr/bin/gawk
configure:3838: result: gawk
configure:3849: checking whether make sets $(MAKE)
configure:3871: result: yes
configure:3900: checking whether make supports nested variables
configure:3917: result: yes
configure:4061: checking whether make supports nested variables
configure:4078: result: yes
configure:4103: checking for style of include used by make
configure:4131: result: GNU
configure:4202: checking for gcc
configure:4218: found /usr/bin/gcc
configure:4229: result: gcc
configure:4458: checking for C compiler version
configure:4467: gcc --version >&5
gcc (Ubuntu 9.3.0-17ubuntu1~20.04) 9.3.0
Copyright (C) 2019 Free Software Foundation, Inc.
This is free software; see the source for copying conditions.  There is NO
warranty; not even for MERCHANTABILITY or FITNESS FOR A PARTICULAR PURPOSE.

configure:4478: $? = 0
configure:4467: gcc -v >&5
Using built-in specs.
COLLECT_GCC=gcc
COLLECT_LTO_WRAPPER=/usr/lib/gcc/x86_64-linux-gnu/9/lto-wrapper
OFFLOAD_TARGET_NAMES=nvptx-none:hsa
OFFLOAD_TARGET_DEFAULT=1
Target: x86_64-linux-gnu
Configured with: ../src/configure -v --with-pkgversion='Ubuntu 9.3.0-17ubuntu1~20.04' --with-bugurl=file:///usr/share/doc/gcc-9/README.Bugs --enable-languages=c,ada,c++,go,brig,d,fortran,objc,obj-c++,gm2 --prefix=/usr --with-gcc-major-version-only --program-suffix=-9 --program-prefix=x86_64-linux-gnu- --enable-shared --enable-linker-build-id --libexecdir=/usr/lib --without-included-gettext --enable-threads=posix --libdir=/usr/lib --enable-nls --enable-clocale=gnu --enable-libstdcxx-debug --enable-libstdcxx-time=yes --with-default-libstdcxx-abi=new --enable-gnu-unique-object --disable-vtable-verify --enable-plugin --enable-default-pie --with-system-zlib --with-target-system-zlib=auto --enable-objc-gc=auto --enable-multiarch --disable-werror --with-arch-32=i686 --with-abi=m64 --with-multilib-list=m32,m64,mx32 --enable-multilib --with-tune=generic --enable-offload-targets=nvptx-none=/build/gcc-9-HskZEa/gcc-9-9.3.0/debian/tmp-nvptx/usr,hsa --without-cuda-driver --enable-checking=release --build=x86_64-linux-gnu --host=x86_64-linux-gnu --target=x86_64-linux-gnu
Thread model: posix
gcc version 9.3.0 (Ubuntu 9.3.0-17ubuntu1~20.04) 
configure:4478: $? = 0
configure:4467: gcc -V >&5
gcc: error: unrecognized command line option '-V'
gcc: fatal error: no input files
compilation terminated.
configure:4478: $? = 1
configure:4467: gcc -qversion >&5
gcc: error: unrecognized command line option '-qversion'; did you mean '--version'?
gcc: fatal error: no input files
compilation terminated.
configure:4478: $? = 1
configure:4498: checking whether the C compiler works
configure:4520: gcc    conftest.c  >&5
configure:4524: $? = 0
configure:4572: result: yes
configure:4575: checking for C compiler default output file name
configure:4577: result: a.out
configure:4583: checking for suffix of executables
configure:4590: gcc -o conftest    conftest.c  >&5
configure:4594: $? = 0
configure:4616: result: 
configure:4638: checking whether we are cross compiling
configure:4646: gcc -o conftest    conftest.c  >&5
configure:4650: $? = 0
configure:4657: ./conftest
configure:4661: $? = 0
configure:4649: result: no
configure:4654: checking for suffix of object files
configure:4676: gcc -c   conftest.c >&5
configure:4680: $? = 0
configure:4701: result: o
configure:4705: checking whether we are using the GNU C compiler
configure:4724: gcc -c   conftest.c >&5
configure:4724: $? = 0
configure:4733: result: yes
configure:4742: checking whether gcc accepts -g
configure:4762: gcc -c -g  conftest.c >&5
configure:4762: $? = 0
configure:4803: result: yes
configure:4820: checking for gcc option to accept ISO C89
configure:4883: gcc  -c -g -O2  conftest.c >&5
configure:4883: $? = 0
configure:4896: result: none needed
configure:4921: checking whether gcc understands -c and -o together
configure:4943: gcc -c conftest.c -o conftest2.o
configure:4946: $? = 0
configure:4943: gcc -c conftest.c -o conftest2.o
configure:4946: $? = 0
configure:4958: result: yes
configure:4977: checking dependency style of gcc
configure:5088: result: gcc3
configure:5153: checking for ar
configure:5169: found /usr/bin/ar
configure:5180: result: ar
configure:5206: checking the archiver (ar) interface
configure:5222: gcc -c -g -O2  conftest.c >&5
configure:5222: $? = 0
configure:5224: ar cru libconftest.a conftest.o >&5
ar: `u' modifier ignored since `D' is the default (see `U')
configure:5227: $? = 0
configure:5226: result: ar
configure:5276: checking build system type
configure:5290: result: x86_64-pc-linux-gnu
configure:5310: checking host system type
configure:5323: result: x86_64-pc-linux-gnu
configure:5364: checking how to print strings
configure:5391: result: printf
configure:5412: checking for a sed that does not truncate output
configure:5476: result: /bin/sed
configure:5494: checking for grep that handles long lines and -e
configure:5552: result: /bin/grep
configure:5557: checking for egrep
configure:5619: result: /bin/grep -E
configure:5624: checking for fgrep
configure:5686: result: /bin/grep -F
configure:5721: checking for ld used by gcc
configure:5788: result: /usr/bin/ld
configure:5795: checking if the linker (/usr/bin/ld) is GNU ld
configure:5810: result: yes
configure:5822: checking for BSD- or MS-compatible name lister (nm)
configure:5876: result: /usr/bin/nm -B
configure:6006: checking the name lister (/usr/bin/nm -B) interface
configure:6013: gcc -c -g -O2  conftest.c >&5
configure:6016: /usr/bin/nm -B "conftest.o"
configure:6019: output
0000000000000000 B some_variable
configure:6020: result: BSD nm
configure:6023: checking whether ln -s works
configure:6027: result: yes
configure:6035: checking the maximum length of command line arguments
configure:6166: result: 1572864
configure:6214: checking how to convert x86_64-pc-linux-gnu file names to x86_64-pc-linux-gnu format
configure:6254: result: func_convert_file_noop
configure:6261: checking how to convert x86_64-pc-linux-gnu file names to toolchain format
configure:6281: result: func_convert_file_noop
configure:6288: checking for /usr/bin/ld option to reload object files
configure:6295: result: -r
configure:6369: checking for objdump
configure:6385: found /usr/bin/objdump
configure:6396: result: objdump
configure:6428: checking how to recognize dependent libraries
configure:6628: result: pass_all
configure:6713: checking for dlltool
configure:6743: result: no
configure:6773: checking how to associate runtime and link libraries
configure:6800: result: printf %s\n
configure:6924: checking for archiver @FILE support
configure:6941: gcc -c -g -O2  conftest.c >&5
configure:6941: $? = 0
configure:6944: ar cru libconftest.a @conftest.lst >&5
ar: `u' modifier ignored since `D' is the default (see `U')
configure:6947: $? = 0
configure:6952: ar cru libconftest.a @conftest.lst >&5
ar: `u' modifier ignored since `D' is the default (see `U')
ar: conftest.o: No such file or directory
configure:6955: $? = 1
configure:6954: result: @
configure:7012: checking for strip
configure:7028: found /usr/bin/strip
configure:7039: result: strip
configure:7111: checking for ranlib
configure:7127: found /usr/bin/ranlib
configure:7138: result: ranlib
configure:7240: checking command to parse /usr/bin/nm -B output from gcc object
configure:7393: gcc -c -g -O2  conftest.c >&5
configure:7396: $? = 0
configure:7400: /usr/bin/nm -B conftest.o \| sed -n -e 's/^.*[ ]\([ABCDGIRSTW][ABCDGIRSTW]*\)[ ][ ]*\([_A-Za-z][_A-Za-z0-9]*\)$/\1 \2 \2/p' | sed '/ __gnu_lto/d' \> conftest.nm
configure:7403: $? = 0
configure:7469: gcc -o conftest -g -O2   conftest.c conftstm.o >&5
configure:7472: $? = 0
configure:7510: result: ok
configure:7557: checking for sysroot
configure:7587: result: no
configure:7594: checking for a working dd
configure:7632: result: /bin/dd
configure:7636: checking how to truncate binary pipes
configure:7651: result: /bin/dd bs=4096 count=1
configure:7787: gcc -c -g -O2  conftest.c >&5
configure:7790: $? = 0
configure:7980: checking for mt
configure:7996: found /bin/mt
configure:8007: result: mt
configure:8030: checking if mt is a manifest tool
configure:8036: mt '-?'
configure:8044: result: no
configure:8721: checking how to run the C preprocessor
configure:8752: gcc -E  conftest.c
configure:8752: $? = 0
configure:8766: gcc -E  conftest.c
conftest.c:11:10: fatal error: ac_nonexistent.h: No such file or directory
   11 | #include <ac_nonexistent.h>
      |          ^~~~~~~~~~~~~~~~~~
compilation terminated.
configure:8766: $? = 1
configure: failed program was:
| /* confdefs.h */
| #define PACKAGE_NAME "Snoopy Logger"
| #define PACKAGE_TARNAME "snoopy"
| #define PACKAGE_VERSION "2.4.9"
| #define PACKAGE_STRING "Snoopy Logger 2.4.9"
| #define PACKAGE_BUGREPORT "https://github.com/a2o/snoopy/issues/"
| #define PACKAGE_URL "https://github.com/a2o/snoopy/"
| #define PACKAGE "snoopy"
| #define VERSION "2.4.9"
| /* end confdefs.h.  */
| #include <ac_nonexistent.h>
configure:8791: result: gcc -E
configure:8811: gcc -E  conftest.c
configure:8811: $? = 0
configure:8825: gcc -E  conftest.c
conftest.c:11:10: fatal error: ac_nonexistent.h: No such file or directory
   11 | #include <ac_nonexistent.h>
      |          ^~~~~~~~~~~~~~~~~~
compilation terminated.
configure:8825: $? = 1
configure: failed program was:
| /* confdefs.h */
| #define PACKAGE_NAME "Snoopy Logger"
| #define PACKAGE_TARNAME "snoopy"
| #define PACKAGE_VERSION "2.4.9"
| #define PACKAGE_STRING "Snoopy Logger 2.4.9"
| #define PACKAGE_BUGREPORT "https://github.com/a2o/snoopy/issues/"
| #define PACKAGE_URL "https://github.com/a2o/snoopy/"
| #define PACKAGE "snoopy"
| #define VERSION "2.4.9"
| /* end confdefs.h.  */
| #include <ac_nonexistent.h>
configure:8854: checking for ANSI C header files
configure:8874: gcc -c -g -O2  conftest.c >&5
configure:8874: $? = 0
configure:8947: gcc -o conftest -g -O2   conftest.c  >&5
configure:8947: $? = 0
configure:8947: ./conftest
configure:8947: $? = 0
configure:8958: result: yes
configure:8971: checking for sys/types.h
configure:8971: gcc -c -g -O2  conftest.c >&5
configure:8971: $? = 0
configure:8971: result: yes
configure:8971: checking for sys/stat.h
configure:8971: gcc -c -g -O2  conftest.c >&5
configure:8971: $? = 0
configure:8971: result: yes
configure:8971: checking for stdlib.h
configure:8971: gcc -c -g -O2  conftest.c >&5
configure:8971: $? = 0
configure:8971: result: yes
configure:8971: checking for string.h
configure:8971: gcc -c -g -O2  conftest.c >&5
configure:8971: $? = 0
configure:8971: result: yes
configure:8971: checking for memory.h
configure:8971: gcc -c -g -O2  conftest.c >&5
configure:8971: $? = 0
configure:8971: result: yes
configure:8971: checking for strings.h
configure:8971: gcc -c -g -O2  conftest.c >&5
configure:8971: $? = 0
configure:8971: result: yes
configure:8971: checking for inttypes.h
configure:8971: gcc -c -g -O2  conftest.c >&5
configure:8971: $? = 0
configure:8971: result: yes
configure:8971: checking for stdint.h
configure:8971: gcc -c -g -O2  conftest.c >&5
configure:8971: $? = 0
configure:8971: result: yes
configure:8971: checking for unistd.h
configure:8971: gcc -c -g -O2  conftest.c >&5
configure:8971: $? = 0
configure:8971: result: yes
configure:8985: checking for dlfcn.h
configure:8985: gcc -c -g -O2  conftest.c >&5
configure:8985: $? = 0
configure:8985: result: yes
configure:9240: checking for objdir
configure:9255: result: .libs
configure:9519: checking if gcc supports -fno-rtti -fno-exceptions
configure:9537: gcc -c -g -O2  -fno-rtti -fno-exceptions conftest.c >&5
cc1: warning: command line option '-fno-rtti' is valid for C++/D/ObjC++ but not for C
configure:9541: $? = 0
configure:9554: result: no
configure:9912: checking for gcc option to produce PIC
configure:9919: result: -fPIC -DPIC
configure:9927: checking if gcc PIC flag -fPIC -DPIC works
configure:9945: gcc -c -g -O2  -fPIC -DPIC -DPIC conftest.c >&5
configure:9949: $? = 0
configure:9962: result: yes
configure:9991: checking if gcc static flag -static works
configure:10019: result: yes
configure:10034: checking if gcc supports -c -o file.o
configure:10055: gcc -c -g -O2  -o out/conftest2.o conftest.c >&5
configure:10059: $? = 0
configure:10081: result: yes
configure:10089: checking if gcc supports -c -o file.o
configure:10136: result: yes
configure:10169: checking whether the gcc linker (/usr/bin/ld -m elf_x86_64) supports shared libraries
configure:11432: result: yes
configure:11469: checking whether -lc should be explicitly linked in
configure:11477: gcc -c -g -O2  conftest.c >&5
configure:11480: $? = 0
configure:11495: gcc -shared  -fPIC -DPIC conftest.o  -v -Wl,-soname -Wl,conftest -o conftest 2\>\&1 \| /bin/grep  -lc  \>/dev/null 2\>\&1
configure:11498: $? = 0
configure:11512: result: no
configure:11672: checking dynamic linker characteristics
configure:12253: gcc -o conftest -g -O2   -Wl,-rpath -Wl,/foo conftest.c  >&5
configure:12253: $? = 0
configure:12502: result: GNU/Linux ld.so
configure:12624: checking how to hardcode library paths into programs
configure:12649: result: immediate
configure:13197: checking whether stripping libraries is possible
configure:13202: result: yes
configure:13237: checking if libtool supports shared libraries
configure:13239: result: yes
configure:13242: checking whether to build shared libraries
configure:13267: result: yes
configure:13270: checking whether to build static libraries
configure:13274: result: no
configure:10094: checking for gawk
configure:10121: result: gawk
configure:10180: checking for gcc
configure:10207: result: gcc
configure:10436: checking for C compiler version
configure:10445: gcc --version >&5
gcc (Ubuntu 9.3.0-17ubuntu1~20.04) 9.3.0
Copyright (C) 2019 Free Software Foundation, Inc.
This is free software; see the source for copying conditions.  There is NO
warranty; not even for MERCHANTABILITY or FITNESS FOR A PARTICULAR PURPOSE.

configure:10456: $? = 0
configure:10445: gcc -v >&5
Using built-in specs.
COLLECT_GCC=gcc
COLLECT_LTO_WRAPPER=/usr/lib/gcc/x86_64-linux-gnu/9/lto-wrapper
OFFLOAD_TARGET_NAMES=nvptx-none:hsa
OFFLOAD_TARGET_DEFAULT=1
Target: x86_64-linux-gnu
Configured with: ../src/configure -v --with-pkgversion='Ubuntu 9.3.0-17ubuntu1~20.04' --with-bugurl=file:///usr/share/doc/gcc-9/README.Bugs --enable-languages=c,ada,c++,go,brig,d,fortran,objc,obj-c++,gm2 --prefix=/usr --with-gcc-major-version-only --program-suffix=-9 --program-prefix=x86_64-linux-gnu- --enable-shared --enable-linker-build-id --libexecdir=/usr/lib --without-included-gettext --enable-threads=posix --libdir=/usr/lib --enable-nls --enable-clocale=gnu --enable-libstdcxx-debug --enable-libstdcxx-time=yes --with-default-libstdcxx-abi=new --enable-gnu-unique-object --disable-vtable-verify --enable-plugin --enable-default-pie --with-system-zlib --with-target-system-zlib=auto --enable-objc-gc=auto --enable-multiarch --disable-werror --with-arch-32=i686 --with-abi=m64 --with-multilib-list=m32,m64,mx32 --enable-multilib --with-tune=generic --enable-offload-targets=nvptx-none=/build/gcc-9-HskZEa/gcc-9-9.3.0/debian/tmp-nvptx/usr,hsa --without-cuda-driver --enable-checking=release --build=x86_64-linux-gnu --host=x86_64-linux-gnu --target=x86_64-linux-gnu
Thread model: posix
gcc version 9.3.0 (Ubuntu 9.3.0-17ubuntu1~20.04) 
configure:10456: $? = 0
configure:10445: gcc -V >&5
gcc: error: unrecognized command line option '-V'
gcc: fatal error: no input files
compilation terminated.
configure:10456: $? = 1
configure:10445: gcc -qversion >&5
gcc: error: unrecognized command line option '-qversion'; did you mean '--version'?
gcc: fatal error: no input files
compilation terminated.
configure:10456: $? = 1
configure:10460: checking whether we are using the GNU C compiler
configure:10488: result: yes
configure:10497: checking whether gcc accepts -g
configure:10558: result: yes
configure:10575: checking for gcc option to accept ISO C89
configure:10651: result: none needed
configure:10676: checking whether gcc understands -c and -o together
configure:10713: result: yes
configure:10732: checking dependency style of gcc
configure:10843: result: gcc3
configure:10863: checking how to run the C preprocessor
configure:10933: result: gcc -E
configure:10953: gcc -E  conftest.c
configure:10953: $? = 0
configure:10967: gcc -E  conftest.c
conftest.c:23:10: fatal error: ac_nonexistent.h: No such file or directory
   23 | #include <ac_nonexistent.h>
      |          ^~~~~~~~~~~~~~~~~~
compilation terminated.
configure:10967: $? = 1
configure: failed program was:
| /* confdefs.h */
| #define PACKAGE_NAME "Snoopy Logger"
| #define PACKAGE_TARNAME "snoopy"
| #define PACKAGE_VERSION "2.4.9"
| #define PACKAGE_STRING "Snoopy Logger 2.4.9"
| #define PACKAGE_BUGREPORT "https://github.com/a2o/snoopy/issues/"
| #define PACKAGE_URL "https://github.com/a2o/snoopy/"
| #define PACKAGE "snoopy"
| #define VERSION "2.4.9"
| #define STDC_HEADERS 1
| #define HAVE_SYS_TYPES_H 1
| #define HAVE_SYS_STAT_H 1
| #define HAVE_STDLIB_H 1
| #define HAVE_STRING_H 1
| #define HAVE_MEMORY_H 1
| #define HAVE_STRINGS_H 1
| #define HAVE_INTTYPES_H 1
| #define HAVE_STDINT_H 1
| #define HAVE_UNISTD_H 1
| #define HAVE_DLFCN_H 1
| #define LT_OBJDIR ".libs/"
| /* end confdefs.h.  */
| #include <ac_nonexistent.h>
configure:11053: checking for g++
configure:11083: result: no
configure:11053: checking for c++
configure:11083: result: no
configure:11053: checking for gpp
configure:11083: result: no
configure:11053: checking for aCC
configure:11083: result: no
configure:11053: checking for CC
configure:11083: result: no
configure:11053: checking for cxx
configure:11083: result: no
configure:11053: checking for cc++
configure:11083: result: no
configure:11053: checking for cl.exe
configure:11083: result: no
configure:11053: checking for FCC
configure:11083: result: no
configure:11053: checking for KCC
configure:11083: result: no
configure:11053: checking for RCC
configure:11083: result: no
configure:11053: checking for xlC_r
configure:11083: result: no
configure:11053: checking for xlC
configure:11083: result: no
configure:11107: checking for C++ compiler version
configure:11116: g++ --version >&5
./configure: line 11118: g++: command not found
configure:11127: $? = 127
configure:11116: g++ -v >&5
./configure: line 11118: g++: command not found
configure:11127: $? = 127
configure:11116: g++ -V >&5
./configure: line 11118: g++: command not found
configure:11127: $? = 127
configure:11116: g++ -qversion >&5
./configure: line 11118: g++: command not found
configure:11127: $? = 127
configure:11131: checking whether we are using the GNU C++ compiler
configure:11150: g++ -c   conftest.cpp >&5
./configure: line 2218: g++: command not found
configure:11150: $? = 127
configure: failed program was:
| /* confdefs.h */
| #define PACKAGE_NAME "Snoopy Logger"
| #define PACKAGE_TARNAME "snoopy"
| #define PACKAGE_VERSION "2.4.9"
| #define PACKAGE_STRING "Snoopy Logger 2.4.9"
| #define PACKAGE_BUGREPORT "https://github.com/a2o/snoopy/issues/"
| #define PACKAGE_URL "https://github.com/a2o/snoopy/"
| #define PACKAGE "snoopy"
| #define VERSION "2.4.9"
| #define STDC_HEADERS 1
| #define HAVE_SYS_TYPES_H 1
| #define HAVE_SYS_STAT_H 1
| #define HAVE_STDLIB_H 1
| #define HAVE_STRING_H 1
| #define HAVE_MEMORY_H 1
| #define HAVE_STRINGS_H 1
| #define HAVE_INTTYPES_H 1
| #define HAVE_STDINT_H 1
| #define HAVE_UNISTD_H 1
| #define HAVE_DLFCN_H 1
| #define LT_OBJDIR ".libs/"
| /* end confdefs.h.  */
| 
| int
| main ()
| {
| #ifndef __GNUC__
|        choke me
| #endif
| 
|   ;
|   return 0;
| }
configure:11159: result: no
configure:11168: checking whether g++ accepts -g
configure:11188: g++ -c -g  conftest.cpp >&5
./configure: line 2218: g++: command not found
configure:11188: $? = 127
configure: failed program was:
| /* confdefs.h */
| #define PACKAGE_NAME "Snoopy Logger"
| #define PACKAGE_TARNAME "snoopy"
| #define PACKAGE_VERSION "2.4.9"
| #define PACKAGE_STRING "Snoopy Logger 2.4.9"
| #define PACKAGE_BUGREPORT "https://github.com/a2o/snoopy/issues/"
| #define PACKAGE_URL "https://github.com/a2o/snoopy/"
| #define PACKAGE "snoopy"
| #define VERSION "2.4.9"
| #define STDC_HEADERS 1
| #define HAVE_SYS_TYPES_H 1
| #define HAVE_SYS_STAT_H 1
| #define HAVE_STDLIB_H 1
| #define HAVE_STRING_H 1
| #define HAVE_MEMORY_H 1
| #define HAVE_STRINGS_H 1
| #define HAVE_INTTYPES_H 1
| #define HAVE_STDINT_H 1
| #define HAVE_UNISTD_H 1
| #define HAVE_DLFCN_H 1
| #define LT_OBJDIR ".libs/"
| /* end confdefs.h.  */
| 
| int
| main ()
| {
| 
|   ;
|   return 0;
| }
configure:11203: g++ -c   conftest.cpp >&5
./configure: line 2218: g++: command not found
configure:11203: $? = 127
configure: failed program was:
| /* confdefs.h */
| #define PACKAGE_NAME "Snoopy Logger"
| #define PACKAGE_TARNAME "snoopy"
| #define PACKAGE_VERSION "2.4.9"
| #define PACKAGE_STRING "Snoopy Logger 2.4.9"
| #define PACKAGE_BUGREPORT "https://github.com/a2o/snoopy/issues/"
| #define PACKAGE_URL "https://github.com/a2o/snoopy/"
| #define PACKAGE "snoopy"
| #define VERSION "2.4.9"
| #define STDC_HEADERS 1
| #define HAVE_SYS_TYPES_H 1
| #define HAVE_SYS_STAT_H 1
| #define HAVE_STDLIB_H 1
| #define HAVE_STRING_H 1
| #define HAVE_MEMORY_H 1
| #define HAVE_STRINGS_H 1
| #define HAVE_INTTYPES_H 1
| #define HAVE_STDINT_H 1
| #define HAVE_UNISTD_H 1
| #define HAVE_DLFCN_H 1
| #define LT_OBJDIR ".libs/"
| /* end confdefs.h.  */
| 
| int
| main ()
| {
| 
|   ;
|   return 0;
| }
configure:11219: g++ -c -g  conftest.cpp >&5
./configure: line 2218: g++: command not found
configure:11219: $? = 127
configure: failed program was:
| /* confdefs.h */
| #define PACKAGE_NAME "Snoopy Logger"
| #define PACKAGE_TARNAME "snoopy"
| #define PACKAGE_VERSION "2.4.9"
| #define PACKAGE_STRING "Snoopy Logger 2.4.9"
| #define PACKAGE_BUGREPORT "https://github.com/a2o/snoopy/issues/"
| #define PACKAGE_URL "https://github.com/a2o/snoopy/"
| #define PACKAGE "snoopy"
| #define VERSION "2.4.9"
| #define STDC_HEADERS 1
| #define HAVE_SYS_TYPES_H 1
| #define HAVE_SYS_STAT_H 1
| #define HAVE_STDLIB_H 1
| #define HAVE_STRING_H 1
| #define HAVE_MEMORY_H 1
| #define HAVE_STRINGS_H 1
| #define HAVE_INTTYPES_H 1
| #define HAVE_STDINT_H 1
| #define HAVE_UNISTD_H 1
| #define HAVE_DLFCN_H 1
| #define LT_OBJDIR ".libs/"
| /* end confdefs.h.  */
| 
| int
| main ()
| {
| 
|   ;
|   return 0;
| }
configure:11229: result: no
configure:11254: checking dependency style of g++
configure:11365: result: none
configure:14710: checking for grep that handles long lines and -e
configure:14768: result: /bin/grep
configure:14775: checking whether ln -s works
configure:14779: result: yes
configure:14786: checking whether make sets $(MAKE)
configure:14808: result: yes
configure:14861: checking for ranlib
configure:14888: result: ranlib
configure:14911: checking for a sed that does not truncate output
configure:14975: result: /bin/sed
configure:14988: checking for dirname
configure:15004: found /usr/bin/dirname
configure:15015: result: yes
configure:15030: checking for readlink
configure:15046: found /bin/readlink
configure:15057: result: yes
configure:15072: checking for socat
configure:15088: found /usr/bin/socat
configure:15099: result: yes
configure:15114: checking for wc
configure:15130: found /usr/bin/wc
configure:15141: result: yes
configure:15156: checking for dlsym in -ldl
configure:15181: gcc -o conftest -g -O2   conftest.c -ldl   >&5
configure:15181: $? = 0
configure:15190: result: yes
configure:15230: checking ctype.h usability
configure:15230: gcc -c -g -O2  conftest.c >&5
configure:15230: $? = 0
configure:15230: result: yes
configure:15230: checking ctype.h presence
configure:15230: gcc -E  conftest.c
configure:15230: $? = 0
configure:15230: result: yes
configure:15230: checking for ctype.h
configure:15230: result: yes
configure:15230: checking for dlfcn.h
configure:15230: result: yes
configure:15230: checking errno.h usability
configure:15230: gcc -c -g -O2  conftest.c >&5
configure:15230: $? = 0
configure:15230: result: yes
configure:15230: checking errno.h presence
configure:15230: gcc -E  conftest.c
configure:15230: $? = 0
configure:15230: result: yes
configure:15230: checking for errno.h
configure:15230: result: yes
configure:15230: checking fcntl.h usability
configure:15230: gcc -c -g -O2  conftest.c >&5
configure:15230: $? = 0
configure:15230: result: yes
configure:15230: checking fcntl.h presence
configure:15230: gcc -E  conftest.c
configure:15230: $? = 0
configure:15230: result: yes
configure:15230: checking for fcntl.h
configure:15230: result: yes
configure:15230: checking features.h usability
configure:15230: gcc -c -g -O2  conftest.c >&5
configure:15230: $? = 0
configure:15230: result: yes
configure:15230: checking features.h presence
configure:15230: gcc -E  conftest.c
configure:15230: $? = 0
configure:15230: result: yes
configure:15230: checking for features.h
configure:15230: result: yes
configure:15230: checking grp.h usability
configure:15230: gcc -c -g -O2  conftest.c >&5
configure:15230: $? = 0
configure:15230: result: yes
configure:15230: checking grp.h presence
configure:15230: gcc -E  conftest.c
configure:15230: $? = 0
configure:15230: result: yes
configure:15230: checking for grp.h
configure:15230: result: yes
configure:15230: checking limits.h usability
configure:15230: gcc -c -g -O2  conftest.c >&5
configure:15230: $? = 0
configure:15230: result: yes
configure:15230: checking limits.h presence
configure:15230: gcc -E  conftest.c
configure:15230: $? = 0
configure:15230: result: yes
configure:15230: checking for limits.h
configure:15230: result: yes
configure:15230: checking pwd.h usability
configure:15230: gcc -c -g -O2  conftest.c >&5
configure:15230: $? = 0
configure:15230: result: yes
configure:15230: checking pwd.h presence
configure:15230: gcc -E  conftest.c
configure:15230: $? = 0
configure:15230: result: yes
configure:15230: checking for pwd.h
configure:15230: result: yes
configure:15230: checking stdio.h usability
configure:15230: gcc -c -g -O2  conftest.c >&5
configure:15230: $? = 0
configure:15230: result: yes
configure:15230: checking stdio.h presence
configure:15230: gcc -E  conftest.c
configure:15230: $? = 0
configure:15230: result: yes
configure:15230: checking for stdio.h
configure:15230: result: yes
configure:15230: checking for stdlib.h
configure:15230: result: yes
configure:15230: checking for string.h
configure:15230: result: yes
configure:15230: checking syslog.h usability
configure:15230: gcc -c -g -O2  conftest.c >&5
configure:15230: $? = 0
configure:15230: result: yes
configure:15230: checking syslog.h presence
configure:15230: gcc -E  conftest.c
configure:15230: $? = 0
configure:15230: result: yes
configure:15230: checking for syslog.h
configure:15230: result: yes
configure:15230: checking sys/socket.h usability
configure:15230: gcc -c -g -O2  conftest.c >&5
configure:15230: $? = 0
configure:15230: result: yes
configure:15230: checking sys/socket.h presence
configure:15230: gcc -E  conftest.c
configure:15230: $? = 0
configure:15230: result: yes
configure:15230: checking for sys/socket.h
configure:15230: result: yes
configure:15230: checking for sys/stat.h
configure:15230: result: yes
configure:15230: checking sys/syscall.h usability
configure:15230: gcc -c -g -O2  conftest.c >&5
configure:15230: $? = 0
configure:15230: result: yes
configure:15230: checking sys/syscall.h presence
configure:15230: gcc -E  conftest.c
configure:15230: $? = 0
configure:15230: result: yes
configure:15230: checking for sys/syscall.h
configure:15230: result: yes
configure:15230: checking sys/time.h usability
configure:15230: gcc -c -g -O2  conftest.c >&5
configure:15230: $? = 0
configure:15230: result: yes
configure:15230: checking sys/time.h presence
configure:15230: gcc -E  conftest.c
configure:15230: $? = 0
configure:15230: result: yes
configure:15230: checking for sys/time.h
configure:15230: result: yes
configure:15230: checking for sys/types.h
configure:15230: result: yes
configure:15230: checking sys/un.h usability
configure:15230: gcc -c -g -O2  conftest.c >&5
configure:15230: $? = 0
configure:15230: result: yes
configure:15230: checking sys/un.h presence
configure:15230: gcc -E  conftest.c
configure:15230: $? = 0
configure:15230: result: yes
configure:15230: checking for sys/un.h
configure:15230: result: yes
configure:15230: checking time.h usability
configure:15230: gcc -c -g -O2  conftest.c >&5
configure:15230: $? = 0
configure:15230: result: yes
configure:15230: checking time.h presence
configure:15230: gcc -E  conftest.c
configure:15230: $? = 0
configure:15230: result: yes
configure:15230: checking for time.h
configure:15230: result: yes
configure:15230: checking for unistd.h
configure:15230: result: yes
configure:15245: checking for inline
configure:15261: gcc -c -g -O2  conftest.c >&5
configure:15261: $? = 0
configure:15269: result: inline
configure:15287: checking for pid_t
configure:15287: gcc -c -g -O2  conftest.c >&5
configure:15287: $? = 0
configure:15287: gcc -c -g -O2  conftest.c >&5
conftest.c: In function 'main':
conftest.c:80:20: error: expected expression before ')' token
   80 | if (sizeof ((pid_t)))
      |                    ^
configure:15287: $? = 1
configure: failed program was:
| /* confdefs.h */
| #define PACKAGE_NAME "Snoopy Logger"
| #define PACKAGE_TARNAME "snoopy"
| #define PACKAGE_VERSION "2.4.9"
| #define PACKAGE_STRING "Snoopy Logger 2.4.9"
| #define PACKAGE_BUGREPORT "https://github.com/a2o/snoopy/issues/"
| #define PACKAGE_URL "https://github.com/a2o/snoopy/"
| #define PACKAGE "snoopy"
| #define VERSION "2.4.9"
| #define STDC_HEADERS 1
| #define HAVE_SYS_TYPES_H 1
| #define HAVE_SYS_STAT_H 1
| #define HAVE_STDLIB_H 1
| #define HAVE_STRING_H 1
| #define HAVE_MEMORY_H 1
| #define HAVE_STRINGS_H 1
| #define HAVE_INTTYPES_H 1
| #define HAVE_STDINT_H 1
| #define HAVE_UNISTD_H 1
| #define HAVE_DLFCN_H 1
| #define LT_OBJDIR ".libs/"
| #define HAVE_LIBDL 1
| #define HAVE_CTYPE_H 1
| #define HAVE_DLFCN_H 1
| #define HAVE_ERRNO_H 1
| #define HAVE_FCNTL_H 1
| #define HAVE_FEATURES_H 1
| #define HAVE_GRP_H 1
| #define HAVE_LIMITS_H 1
| #define HAVE_PWD_H 1
| #define HAVE_STDIO_H 1
| #define HAVE_STDLIB_H 1
| #define HAVE_STRING_H 1
| #define HAVE_SYSLOG_H 1
| #define HAVE_SYS_SOCKET_H 1
| #define HAVE_SYS_STAT_H 1
| #define HAVE_SYS_SYSCALL_H 1
| #define HAVE_SYS_TIME_H 1
| #define HAVE_SYS_TYPES_H 1
| #define HAVE_SYS_UN_H 1
| #define HAVE_TIME_H 1
| #define HAVE_UNISTD_H 1
| /* end confdefs.h.  */
| #include <stdio.h>
| #ifdef HAVE_SYS_TYPES_H
| # include <sys/types.h>
| #endif
| #ifdef HAVE_SYS_STAT_H
| # include <sys/stat.h>
| #endif
| #ifdef STDC_HEADERS
| # include <stdlib.h>
| # include <stddef.h>
| #else
| # ifdef HAVE_STDLIB_H
| #  include <stdlib.h>
| # endif
| #endif
| #ifdef HAVE_STRING_H
| # if !defined STDC_HEADERS && defined HAVE_MEMORY_H
| #  include <memory.h>
| # endif
| # include <string.h>
| #endif
| #ifdef HAVE_STRINGS_H
| # include <strings.h>
| #endif
| #ifdef HAVE_INTTYPES_H
| # include <inttypes.h>
| #endif
| #ifdef HAVE_STDINT_H
| # include <stdint.h>
| #endif
| #ifdef HAVE_UNISTD_H
| # include <unistd.h>
| #endif
| int
| main ()
| {
| if (sizeof ((pid_t)))
| 	    return 0;
|   ;
|   return 0;
| }
configure:15287: result: yes
configure:15298: checking for size_t
configure:15298: gcc -c -g -O2  conftest.c >&5
configure:15298: $? = 0
configure:15298: gcc -c -g -O2  conftest.c >&5
conftest.c: In function 'main':
conftest.c:80:21: error: expected expression before ')' token
   80 | if (sizeof ((size_t)))
      |                     ^
configure:15298: $? = 1
configure: failed program was:
| /* confdefs.h */
| #define PACKAGE_NAME "Snoopy Logger"
| #define PACKAGE_TARNAME "snoopy"
| #define PACKAGE_VERSION "2.4.9"
| #define PACKAGE_STRING "Snoopy Logger 2.4.9"
| #define PACKAGE_BUGREPORT "https://github.com/a2o/snoopy/issues/"
| #define PACKAGE_URL "https://github.com/a2o/snoopy/"
| #define PACKAGE "snoopy"
| #define VERSION "2.4.9"
| #define STDC_HEADERS 1
| #define HAVE_SYS_TYPES_H 1
| #define HAVE_SYS_STAT_H 1
| #define HAVE_STDLIB_H 1
| #define HAVE_STRING_H 1
| #define HAVE_MEMORY_H 1
| #define HAVE_STRINGS_H 1
| #define HAVE_INTTYPES_H 1
| #define HAVE_STDINT_H 1
| #define HAVE_UNISTD_H 1
| #define HAVE_DLFCN_H 1
| #define LT_OBJDIR ".libs/"
| #define HAVE_LIBDL 1
| #define HAVE_CTYPE_H 1
| #define HAVE_DLFCN_H 1
| #define HAVE_ERRNO_H 1
| #define HAVE_FCNTL_H 1
| #define HAVE_FEATURES_H 1
| #define HAVE_GRP_H 1
| #define HAVE_LIMITS_H 1
| #define HAVE_PWD_H 1
| #define HAVE_STDIO_H 1
| #define HAVE_STDLIB_H 1
| #define HAVE_STRING_H 1
| #define HAVE_SYSLOG_H 1
| #define HAVE_SYS_SOCKET_H 1
| #define HAVE_SYS_STAT_H 1
| #define HAVE_SYS_SYSCALL_H 1
| #define HAVE_SYS_TIME_H 1
| #define HAVE_SYS_TYPES_H 1
| #define HAVE_SYS_UN_H 1
| #define HAVE_TIME_H 1
| #define HAVE_UNISTD_H 1
| /* end confdefs.h.  */
| #include <stdio.h>
| #ifdef HAVE_SYS_TYPES_H
| # include <sys/types.h>
| #endif
| #ifdef HAVE_SYS_STAT_H
| # include <sys/stat.h>
| #endif
| #ifdef STDC_HEADERS
| # include <stdlib.h>
| # include <stddef.h>
| #else
| # ifdef HAVE_STDLIB_H
| #  include <stdlib.h>
| # endif
| #endif
| #ifdef HAVE_STRING_H
| # if !defined STDC_HEADERS && defined HAVE_MEMORY_H
| #  include <memory.h>
| # endif
| # include <string.h>
| #endif
| #ifdef HAVE_STRINGS_H
| # include <strings.h>
| #endif
| #ifdef HAVE_INTTYPES_H
| # include <inttypes.h>
| #endif
| #ifdef HAVE_STDINT_H
| # include <stdint.h>
| #endif
| #ifdef HAVE_UNISTD_H
| # include <unistd.h>
| #endif
| int
| main ()
| {
| if (sizeof ((size_t)))
| 	    return 0;
|   ;
|   return 0;
| }
configure:15298: result: yes
configure:15309: checking for ssize_t
configure:15309: gcc -c -g -O2  conftest.c >&5
configure:15309: $? = 0
configure:15309: gcc -c -g -O2  conftest.c >&5
conftest.c: In function 'main':
conftest.c:80:22: error: expected expression before ')' token
   80 | if (sizeof ((ssize_t)))
      |                      ^
configure:15309: $? = 1
configure: failed program was:
| /* confdefs.h */
| #define PACKAGE_NAME "Snoopy Logger"
| #define PACKAGE_TARNAME "snoopy"
| #define PACKAGE_VERSION "2.4.9"
| #define PACKAGE_STRING "Snoopy Logger 2.4.9"
| #define PACKAGE_BUGREPORT "https://github.com/a2o/snoopy/issues/"
| #define PACKAGE_URL "https://github.com/a2o/snoopy/"
| #define PACKAGE "snoopy"
| #define VERSION "2.4.9"
| #define STDC_HEADERS 1
| #define HAVE_SYS_TYPES_H 1
| #define HAVE_SYS_STAT_H 1
| #define HAVE_STDLIB_H 1
| #define HAVE_STRING_H 1
| #define HAVE_MEMORY_H 1
| #define HAVE_STRINGS_H 1
| #define HAVE_INTTYPES_H 1
| #define HAVE_STDINT_H 1
| #define HAVE_UNISTD_H 1
| #define HAVE_DLFCN_H 1
| #define LT_OBJDIR ".libs/"
| #define HAVE_LIBDL 1
| #define HAVE_CTYPE_H 1
| #define HAVE_DLFCN_H 1
| #define HAVE_ERRNO_H 1
| #define HAVE_FCNTL_H 1
| #define HAVE_FEATURES_H 1
| #define HAVE_GRP_H 1
| #define HAVE_LIMITS_H 1
| #define HAVE_PWD_H 1
| #define HAVE_STDIO_H 1
| #define HAVE_STDLIB_H 1
| #define HAVE_STRING_H 1
| #define HAVE_SYSLOG_H 1
| #define HAVE_SYS_SOCKET_H 1
| #define HAVE_SYS_STAT_H 1
| #define HAVE_SYS_SYSCALL_H 1
| #define HAVE_SYS_TIME_H 1
| #define HAVE_SYS_TYPES_H 1
| #define HAVE_SYS_UN_H 1
| #define HAVE_TIME_H 1
| #define HAVE_UNISTD_H 1
| /* end confdefs.h.  */
| #include <stdio.h>
| #ifdef HAVE_SYS_TYPES_H
| # include <sys/types.h>
| #endif
| #ifdef HAVE_SYS_STAT_H
| # include <sys/stat.h>
| #endif
| #ifdef STDC_HEADERS
| # include <stdlib.h>
| # include <stddef.h>
| #else
| # ifdef HAVE_STDLIB_H
| #  include <stdlib.h>
| # endif
| #endif
| #ifdef HAVE_STRING_H
| # if !defined STDC_HEADERS && defined HAVE_MEMORY_H
| #  include <memory.h>
| # endif
| # include <string.h>
| #endif
| #ifdef HAVE_STRINGS_H
| # include <strings.h>
| #endif
| #ifdef HAVE_INTTYPES_H
| # include <inttypes.h>
| #endif
| #ifdef HAVE_STDINT_H
| # include <stdint.h>
| #endif
| #ifdef HAVE_UNISTD_H
| # include <unistd.h>
| #endif
| int
| main ()
| {
| if (sizeof ((ssize_t)))
| 	    return 0;
|   ;
|   return 0;
| }
configure:15309: result: yes
configure:15320: checking for uid_t in sys/types.h
configure:15339: result: yes
configure:15353: checking vfork.h usability
configure:15353: gcc -c -g -O2  conftest.c >&5
conftest.c:77:10: fatal error: vfork.h: No such file or directory
   77 | #include <vfork.h>
      |          ^~~~~~~~~
compilation terminated.
configure:15353: $? = 1
configure: failed program was:
| /* confdefs.h */
| #define PACKAGE_NAME "Snoopy Logger"
| #define PACKAGE_TARNAME "snoopy"
| #define PACKAGE_VERSION "2.4.9"
| #define PACKAGE_STRING "Snoopy Logger 2.4.9"
| #define PACKAGE_BUGREPORT "https://github.com/a2o/snoopy/issues/"
| #define PACKAGE_URL "https://github.com/a2o/snoopy/"
| #define PACKAGE "snoopy"
| #define VERSION "2.4.9"
| #define STDC_HEADERS 1
| #define HAVE_SYS_TYPES_H 1
| #define HAVE_SYS_STAT_H 1
| #define HAVE_STDLIB_H 1
| #define HAVE_STRING_H 1
| #define HAVE_MEMORY_H 1
| #define HAVE_STRINGS_H 1
| #define HAVE_INTTYPES_H 1
| #define HAVE_STDINT_H 1
| #define HAVE_UNISTD_H 1
| #define HAVE_DLFCN_H 1
| #define LT_OBJDIR ".libs/"
| #define HAVE_LIBDL 1
| #define HAVE_CTYPE_H 1
| #define HAVE_DLFCN_H 1
| #define HAVE_ERRNO_H 1
| #define HAVE_FCNTL_H 1
| #define HAVE_FEATURES_H 1
| #define HAVE_GRP_H 1
| #define HAVE_LIMITS_H 1
| #define HAVE_PWD_H 1
| #define HAVE_STDIO_H 1
| #define HAVE_STDLIB_H 1
| #define HAVE_STRING_H 1
| #define HAVE_SYSLOG_H 1
| #define HAVE_SYS_SOCKET_H 1
| #define HAVE_SYS_STAT_H 1
| #define HAVE_SYS_SYSCALL_H 1
| #define HAVE_SYS_TIME_H 1
| #define HAVE_SYS_TYPES_H 1
| #define HAVE_SYS_UN_H 1
| #define HAVE_TIME_H 1
| #define HAVE_UNISTD_H 1
| /* end confdefs.h.  */
| #include <stdio.h>
| #ifdef HAVE_SYS_TYPES_H
| # include <sys/types.h>
| #endif
| #ifdef HAVE_SYS_STAT_H
| # include <sys/stat.h>
| #endif
| #ifdef STDC_HEADERS
| # include <stdlib.h>
| # include <stddef.h>
| #else
| # ifdef HAVE_STDLIB_H
| #  include <stdlib.h>
| # endif
| #endif
| #ifdef HAVE_STRING_H
| # if !defined STDC_HEADERS && defined HAVE_MEMORY_H
| #  include <memory.h>
| # endif
| # include <string.h>
| #endif
| #ifdef HAVE_STRINGS_H
| # include <strings.h>
| #endif
| #ifdef HAVE_INTTYPES_H
| # include <inttypes.h>
| #endif
| #ifdef HAVE_STDINT_H
| # include <stdint.h>
| #endif
| #ifdef HAVE_UNISTD_H
| # include <unistd.h>
| #endif
| #include <vfork.h>
configure:15353: result: no
configure:15353: checking vfork.h presence
configure:15353: gcc -E  conftest.c
conftest.c:44:10: fatal error: vfork.h: No such file or directory
   44 | #include <vfork.h>
      |          ^~~~~~~~~
compilation terminated.
configure:15353: $? = 1
configure: failed program was:
| /* confdefs.h */
| #define PACKAGE_NAME "Snoopy Logger"
| #define PACKAGE_TARNAME "snoopy"
| #define PACKAGE_VERSION "2.4.9"
| #define PACKAGE_STRING "Snoopy Logger 2.4.9"
| #define PACKAGE_BUGREPORT "https://github.com/a2o/snoopy/issues/"
| #define PACKAGE_URL "https://github.com/a2o/snoopy/"
| #define PACKAGE "snoopy"
| #define VERSION "2.4.9"
| #define STDC_HEADERS 1
| #define HAVE_SYS_TYPES_H 1
| #define HAVE_SYS_STAT_H 1
| #define HAVE_STDLIB_H 1
| #define HAVE_STRING_H 1
| #define HAVE_MEMORY_H 1
| #define HAVE_STRINGS_H 1
| #define HAVE_INTTYPES_H 1
| #define HAVE_STDINT_H 1
| #define HAVE_UNISTD_H 1
| #define HAVE_DLFCN_H 1
| #define LT_OBJDIR ".libs/"
| #define HAVE_LIBDL 1
| #define HAVE_CTYPE_H 1
| #define HAVE_DLFCN_H 1
| #define HAVE_ERRNO_H 1
| #define HAVE_FCNTL_H 1
| #define HAVE_FEATURES_H 1
| #define HAVE_GRP_H 1
| #define HAVE_LIMITS_H 1
| #define HAVE_PWD_H 1
| #define HAVE_STDIO_H 1
| #define HAVE_STDLIB_H 1
| #define HAVE_STRING_H 1
| #define HAVE_SYSLOG_H 1
| #define HAVE_SYS_SOCKET_H 1
| #define HAVE_SYS_STAT_H 1
| #define HAVE_SYS_SYSCALL_H 1
| #define HAVE_SYS_TIME_H 1
| #define HAVE_SYS_TYPES_H 1
| #define HAVE_SYS_UN_H 1
| #define HAVE_TIME_H 1
| #define HAVE_UNISTD_H 1
| /* end confdefs.h.  */
| #include <vfork.h>
configure:15353: result: no
configure:15353: checking for vfork.h
configure:15353: result: no
configure:15366: checking for fork
configure:15366: gcc -o conftest -g -O2   conftest.c -ldl  >&5
conftest.c:67:6: warning: conflicting types for built-in function 'fork'; expected 'int(void)' [-Wbuiltin-declaration-mismatch]
   67 | char fork ();
      |      ^~~~
configure:15366: $? = 0
configure:15366: result: yes
configure:15366: checking for vfork
configure:15366: gcc -o conftest -g -O2   conftest.c -ldl  >&5
configure:15366: $? = 0
configure:15366: result: yes
configure:15376: checking for working fork
configure:15398: gcc -o conftest -g -O2   conftest.c -ldl  >&5
configure:15398: $? = 0
configure:15398: ./conftest
configure:15398: $? = 0
configure:15408: result: yes
configure:15429: checking for working vfork
configure:15539: result: yes
configure:15566: checking for stdlib.h
configure:15566: result: yes
configure:15576: checking for GNU libc compatible malloc
configure:15600: gcc -o conftest -g -O2   conftest.c -ldl  >&5
configure:15600: $? = 0
configure:15600: ./conftest
configure:15600: $? = 0
configure:15610: result: yes
configure:15633: checking for stdlib.h
configure:15633: result: yes
configure:15643: checking for GNU libc compatible realloc
configure:15667: gcc -o conftest -g -O2   conftest.c -ldl  >&5
configure:15667: $? = 0
configure:15667: ./conftest
configure:15667: $? = 0
configure:15677: result: yes
configure:15711: checking for getcwd
configure:15711: gcc -o conftest -g -O2   conftest.c -ldl  >&5
configure:15711: $? = 0
configure:15711: result: yes
configure:15711: checking for gethostname
configure:15711: gcc -o conftest -g -O2   conftest.c -ldl  >&5
configure:15711: $? = 0
configure:15711: result: yes
configure:15711: checking for getsid
configure:15711: gcc -o conftest -g -O2   conftest.c -ldl  >&5
configure:15711: $? = 0
configure:15711: result: yes
configure:15711: checking for gettimeofday
configure:15711: gcc -o conftest -g -O2   conftest.c -ldl  >&5
configure:15711: $? = 0
configure:15711: result: yes
configure:15711: checking for localtime_r
configure:15711: gcc -o conftest -g -O2   conftest.c -ldl  >&5
configure:15711: $? = 0
configure:15711: result: yes
configure:15711: checking for socket
configure:15711: gcc -o conftest -g -O2   conftest.c -ldl  >&5
configure:15711: $? = 0
configure:15711: result: yes
configure:15711: checking for strchr
configure:15711: gcc -o conftest -g -O2   conftest.c -ldl  >&5
conftest.c:81:6: warning: conflicting types for built-in function 'strchr'; expected 'char *(const char *, int)' [-Wbuiltin-declaration-mismatch]
   81 | char strchr ();
      |      ^~~~~~
conftest.c:69:1: note: 'strchr' is declared in header '<string.h>'
   68 | # include <limits.h>
   69 | #else
configure:15711: $? = 0
configure:15711: result: yes
configure:15711: checking for strdup
configure:15711: gcc -o conftest -g -O2   conftest.c -ldl  >&5
conftest.c:82:6: warning: conflicting types for built-in function 'strdup'; expected 'char *(const char *)' [-Wbuiltin-declaration-mismatch]
   82 | char strdup ();
      |      ^~~~~~
configure:15711: $? = 0
configure:15711: result: yes
configure:15711: checking for strstr
configure:15711: gcc -o conftest -g -O2   conftest.c -ldl  >&5
conftest.c:83:6: warning: conflicting types for built-in function 'strstr'; expected 'char *(const char *, const char *)' [-Wbuiltin-declaration-mismatch]
   83 | char strstr ();
      |      ^~~~~~
conftest.c:71:1: note: 'strstr' is declared in header '<string.h>'
   70 | # include <limits.h>
   71 | #else
configure:15711: $? = 0
configure:15711: result: yes
configure:15767: ======================================================================
configure:15816: Snoopy all features enabled/disabled: no - using defaults
configure:15823: -
configure:15853: Snoopy config file enabled:   yes
configure:15868: Snoopy config file path:      /etc/snoopy.ini
configure:15918: Snoopy error logging enabled: no
configure:15963: Snoopy thread safety enabled: no
configure:15971: -
configure:16076: Snoopy datasource enabled: cmdline ............... YES
configure:16158: Snoopy datasource enabled: cwd ................... YES
configure:16240: Snoopy datasource enabled: datetime .............. YES
configure:16322: Snoopy datasource enabled: domain ................ YES
configure:16404: Snoopy datasource enabled: egid .................. YES
configure:16486: Snoopy datasource enabled: egroup ................ YES
configure:16568: Snoopy datasource enabled: env ................... YES
configure:16650: Snoopy datasource enabled: env_all ............... YES
configure:16732: Snoopy datasource enabled: euid .................. YES
configure:16814: Snoopy datasource enabled: eusername ............. YES
configure:16896: Snoopy datasource enabled: filename .............. YES
configure:16978: Snoopy datasource enabled: gid ................... YES
configure:17060: Snoopy datasource enabled: group ................. YES
configure:17142: Snoopy datasource enabled: hostname .............. YES
configure:17224: Snoopy datasource enabled: login ................. YES
configure:17306: Snoopy datasource enabled: pid ................... YES
configure:17388: Snoopy datasource enabled: ppid .................. YES
configure:17470: Snoopy datasource enabled: rpname ................ YES
configure:17552: Snoopy datasource enabled: sid ................... YES
configure:17634: Snoopy datasource enabled: snoopy_literal ........ YES
configure:17716: Snoopy datasource enabled: snoopy_threads ........ YES
configure:17761: Snoopy datasource enabled: snoopy_version ........ YES (forced)
configure:17837: Snoopy datasource enabled: tid ................... YES
configure:17919: Snoopy datasource enabled: tid_kernel ............ YES
configure:18001: Snoopy datasource enabled: timestamp ............. YES
configure:18083: Snoopy datasource enabled: timestamp_ms .......... YES
configure:18165: Snoopy datasource enabled: timestamp_us .......... YES
configure:18247: Snoopy datasource enabled: tty ................... YES
configure:18329: Snoopy datasource enabled: tty_uid ............... YES
configure:18411: Snoopy datasource enabled: tty_username .......... YES
configure:18493: Snoopy datasource enabled: uid ................... YES
configure:18575: Snoopy datasource enabled: username .............. YES
configure:18620: Snoopy default message format: "[uid:%{uid} sid:%{sid} tty:%{tty} cwd:%{cwd} filename:%{filename}]: %{cmdline}"
configure:18630: -
configure:18686: Snoopy filtering subsystem enabled: yes
configure:18795: Snoopy filter enabled: exclude_spawns_of ......... YES
configure:18880: Snoopy filter enabled: exclude_uid ............... YES
configure:18965: Snoopy filter enabled: only_root ................. YES
configure:19050: Snoopy filter enabled: only_tty .................. YES
configure:19135: Snoopy filter enabled: only_uid .................. YES
configure:19184: Snoopy default filter chain: (none)
configure:19194: -
configure:19295: Snoopy output enabled: devlog .................... YES
configure:19373: Snoopy output enabled: devnull ................... YES
configure:19451: Snoopy output enabled: devtty .................... YES
configure:19496: Snoopy output enabled: file ...................... YES (forced)
configure:19535: Snoopy output enabled: socket .................... YES (forced)
configure:19607: Snoopy output enabled: stderr .................... YES
configure:19685: Snoopy output enabled: stdout .................... YES
configure:19766: Snoopy output enabled: syslog .................... no
configure:19841: Snoopy default output:          default (system dependent)
configure:19843: Snoopy default output argument: (none)
configure:19853: -
configure:19894: Snoopy default syslog facility: LOG_AUTHPRIV
configure:19934: Snoopy default syslog level:    LOG_INFO
configure:19965: Snoopy default syslog ident:    "snoopy"
configure:19973: -
configure:20013: Snoopy development tools: no
configure:20023: ======================================================================
configure:20047: checking pthread.h usability
configure:20047: gcc -c -g -O2  conftest.c >&5
configure:20047: $? = 0
configure:20047: result: yes
configure:20047: checking pthread.h presence
configure:20047: gcc -E  conftest.c
configure:20047: $? = 0
configure:20047: result: yes
configure:20047: checking for pthread.h
configure:20047: result: yes
configure:20057: checking for pthread_self in -lpthread
configure:20082: gcc -o conftest -g -O2   conftest.c -lpthread  -ldl  >&5
configure:20082: $? = 0
configure:20091: result: yes
configure:20216: checking that generated files are newer than configure
configure:20222: result: done
configure:20449: creating ./config.status

## ---------------------- ##
## Running config.status. ##
## ---------------------- ##

This file was extended by Snoopy Logger config.status 2.4.9, which was
generated by GNU Autoconf 2.69.  Invocation command line was

  CONFIG_FILES    = 
  CONFIG_HEADERS  = 
  CONFIG_LINKS    = 
  CONFIG_COMMANDS = 
  $ ./config.status 

on arne-jansen

config.status:1412: creating Makefile
config.status:1412: creating contrib/rhel/snoopy.spec
config.status:1412: creating contrib/sles/snoopy.spec
config.status:1412: creating doc/Makefile
config.status:1412: creating doc/internals/Makefile
config.status:1412: creating etc/Makefile
config.status:1412: creating etc/snoopy.ini
config.status:1412: creating lib/Makefile
config.status:1412: creating lib/inih/Makefile
config.status:1412: creating lib/inih/src/Makefile
config.status:1412: creating src/Makefile
config.status:1412: creating src/datasource/Makefile
config.status:1412: creating src/eventsource/Makefile
config.status:1412: creating src/filter/Makefile
config.status:1412: creating src/output/Makefile
config.status:1412: creating util/Makefile
config.status:1412: creating tests/Makefile
config.status:1412: creating tests/bin/Makefile
config.status:1412: creating tests/combined/Makefile
config.status:1412: creating tests/configfile/Makefile
config.status:1412: creating tests/datasource/Makefile
config.status:1412: creating tests/filter/Makefile
config.status:1412: creating tests/message/Makefile
config.status:1412: creating tests/output/Makefile
config.status:1412: creating tests/threads/Makefile
config.status:1412: creating util/snoopy-disable
config.status:1412: creating util/snoopy-enable
config.status:1412: creating config.h
config.status:1641: executing depfiles commands
config.status:1641: executing libtool commands

## ---------------- ##
## Cache variables. ##
## ---------------- ##

ac_cv_build=x86_64-pc-linux-gnu
ac_cv_c_compiler_gnu=yes
ac_cv_c_inline=inline
ac_cv_cxx_compiler_gnu=no
ac_cv_env_CCC_set=
ac_cv_env_CCC_value=
ac_cv_env_CC_set=
ac_cv_env_CC_value=
ac_cv_env_CFLAGS_set=
ac_cv_env_CFLAGS_value=
ac_cv_env_CPPFLAGS_set=
ac_cv_env_CPPFLAGS_value=
ac_cv_env_CPP_set=
ac_cv_env_CPP_value=
ac_cv_env_CXXCPP_set=
ac_cv_env_CXXCPP_value=
ac_cv_env_CXXFLAGS_set=
ac_cv_env_CXXFLAGS_value=
ac_cv_env_CXX_set=
ac_cv_env_CXX_value=
ac_cv_env_LDFLAGS_set=
ac_cv_env_LDFLAGS_value=
ac_cv_env_LIBS_set=
ac_cv_env_LIBS_value=
ac_cv_env_LT_SYS_LIBRARY_PATH_set=
ac_cv_env_LT_SYS_LIBRARY_PATH_value=
ac_cv_env_build_alias_set=
ac_cv_env_build_alias_value=
ac_cv_env_host_alias_set=
ac_cv_env_host_alias_value=
ac_cv_env_target_alias_set=
ac_cv_env_target_alias_value=
ac_cv_func_fork=yes
ac_cv_func_fork_works=yes
ac_cv_func_getcwd=yes
ac_cv_func_gethostname=yes
ac_cv_func_getsid=yes
ac_cv_func_gettimeofday=yes
ac_cv_func_localtime_r=yes
ac_cv_func_malloc_0_nonnull=yes
ac_cv_func_realloc_0_nonnull=yes
ac_cv_func_socket=yes
ac_cv_func_strchr=yes
ac_cv_func_strdup=yes
ac_cv_func_strstr=yes
ac_cv_func_vfork=yes
ac_cv_func_vfork_works=yes
ac_cv_header_ctype_h=yes
ac_cv_header_dlfcn_h=yes
ac_cv_header_errno_h=yes
ac_cv_header_fcntl_h=yes
ac_cv_header_features_h=yes
ac_cv_header_grp_h=yes
ac_cv_header_inttypes_h=yes
ac_cv_header_limits_h=yes
ac_cv_header_memory_h=yes
ac_cv_header_pthread_h=yes
ac_cv_header_pwd_h=yes
ac_cv_header_stdc=yes
ac_cv_header_stdint_h=yes
ac_cv_header_stdio_h=yes
ac_cv_header_stdlib_h=yes
ac_cv_header_string_h=yes
ac_cv_header_strings_h=yes
ac_cv_header_sys_socket_h=yes
ac_cv_header_sys_stat_h=yes
ac_cv_header_sys_syscall_h=yes
ac_cv_header_sys_time_h=yes
ac_cv_header_sys_types_h=yes
ac_cv_header_sys_un_h=yes
ac_cv_header_syslog_h=yes
ac_cv_header_time_h=yes
ac_cv_header_unistd_h=yes
ac_cv_header_vfork_h=no
ac_cv_host=x86_64-pc-linux-gnu
ac_cv_lib_dl_dlsym=yes
ac_cv_lib_pthread_pthread_self=yes
ac_cv_objext=o
ac_cv_path_EGREP='/bin/grep -E'
ac_cv_path_FGREP='/bin/grep -F'
ac_cv_path_GREP=/bin/grep
ac_cv_path_SED=/bin/sed
ac_cv_path_install='/usr/bin/install -c'
ac_cv_path_lt_DD=/bin/dd
ac_cv_path_mkdir=/bin/mkdir
ac_cv_prog_AWK=gawk
ac_cv_prog_CPP='gcc -E'
ac_cv_prog_SNOOPY_PROG_DIRNAME_FOUND=yes
ac_cv_prog_SNOOPY_PROG_READLINK_FOUND=yes
ac_cv_prog_SNOOPY_PROG_SOCAT_FOUND=yes
ac_cv_prog_SNOOPY_PROG_WC_FOUND=yes
ac_cv_prog_ac_ct_AR=ar
ac_cv_prog_ac_ct_CC=gcc
ac_cv_prog_ac_ct_MANIFEST_TOOL=mt
ac_cv_prog_ac_ct_OBJDUMP=objdump
ac_cv_prog_ac_ct_RANLIB=ranlib
ac_cv_prog_ac_ct_STRIP=strip
ac_cv_prog_cc_c89=
ac_cv_prog_cc_g=yes
ac_cv_prog_cxx_g=no
ac_cv_prog_make_make_set=yes
ac_cv_type_pid_t=yes
ac_cv_type_size_t=yes
ac_cv_type_ssize_t=yes
ac_cv_type_uid_t=yes
am_cv_CC_dependencies_compiler_type=gcc3
am_cv_CXX_dependencies_compiler_type=none
am_cv_ar_interface=ar
am_cv_make_support_nested_variables=yes
am_cv_prog_cc_c_o=yes
lt_cv_ar_at_file=@
lt_cv_archive_cmds_need_lc=no
lt_cv_deplibs_check_method=pass_all
lt_cv_file_magic_cmd='$MAGIC_CMD'
lt_cv_file_magic_test_file=
lt_cv_ld_reload_flag=-r
lt_cv_nm_interface='BSD nm'
lt_cv_objdir=.libs
lt_cv_path_LD=/usr/bin/ld
lt_cv_path_NM='/usr/bin/nm -B'
lt_cv_path_mainfest_tool=no
lt_cv_prog_compiler_c_o=yes
lt_cv_prog_compiler_pic='-fPIC -DPIC'
lt_cv_prog_compiler_pic_works=yes
lt_cv_prog_compiler_rtti_exceptions=no
lt_cv_prog_compiler_static_works=yes
lt_cv_prog_gnu_ld=yes
lt_cv_sharedlib_from_linklib_cmd='printf %s\n'
lt_cv_shlibpath_overrides_runpath=yes
lt_cv_sys_global_symbol_pipe='sed -n -e '\''s/^.*[	 ]\([ABCDGIRSTW][ABCDGIRSTW]*\)[	 ][	 ]*\([_A-Za-z][_A-Za-z0-9]*\)$/\1 \2 \2/p'\'' | sed '\''/ __gnu_lto/d'\'''
lt_cv_sys_global_symbol_to_c_name_address='sed -n -e '\''s/^: \(.*\) .*$/  {"\1", (void *) 0},/p'\'' -e '\''s/^[ABCDGIRSTW][ABCDGIRSTW]* .* \(.*\)$/  {"\1", (void *) \&\1},/p'\'''
lt_cv_sys_global_symbol_to_c_name_address_lib_prefix='sed -n -e '\''s/^: \(.*\) .*$/  {"\1", (void *) 0},/p'\'' -e '\''s/^[ABCDGIRSTW][ABCDGIRSTW]* .* \(lib.*\)$/  {"\1", (void *) \&\1},/p'\'' -e '\''s/^[ABCDGIRSTW][ABCDGIRSTW]* .* \(.*\)$/  {"lib\1", (void *) \&\1},/p'\'''
lt_cv_sys_global_symbol_to_cdecl='sed -n -e '\''s/^T .* \(.*\)$/extern int \1();/p'\'' -e '\''s/^[ABCDGIRSTW][ABCDGIRSTW]* .* \(.*\)$/extern char \1;/p'\'''
lt_cv_sys_global_symbol_to_import=
lt_cv_sys_max_cmd_len=1572864
lt_cv_to_host_file_cmd=func_convert_file_noop
lt_cv_to_tool_file_cmd=func_convert_file_noop
lt_cv_truncate_bin='/bin/dd bs=4096 count=1'

## ----------------- ##
## Output variables. ##
## ----------------- ##

ACLOCAL='${SHELL} /etc/snoopy-2.4.9/build/aux/missing aclocal-1.15'
AMDEPBACKSLASH='\'
AMDEP_FALSE='#'
AMDEP_TRUE=''
AMTAR='$${TAR-tar}'
AM_BACKSLASH='\'
AM_DEFAULT_V='$(AM_DEFAULT_VERBOSITY)'
AM_DEFAULT_VERBOSITY='0'
AM_V='$(V)'
AR='ar'
AUTOCONF='${SHELL} /etc/snoopy-2.4.9/build/aux/missing autoconf'
AUTOHEADER='${SHELL} /etc/snoopy-2.4.9/build/aux/missing autoheader'
AUTOMAKE='${SHELL} /etc/snoopy-2.4.9/build/aux/missing automake-1.15'
AWK='gawk'
CC='gcc'
CCDEPMODE='depmode=gcc3'
CFLAGS='-g -O2'
CONFIGFILE_ENABLED_FALSE='#'
CONFIGFILE_ENABLED_TRUE=''
CPP='gcc -E'
CPPFLAGS=''
CXX='g++'
CXXCPP=''
CXXDEPMODE='depmode=none'
CXXFLAGS=''
CYGPATH_W='echo'
DATASOURCE_ENABLED_cmdline_FALSE='#'
DATASOURCE_ENABLED_cmdline_TRUE=''
DATASOURCE_ENABLED_cwd_FALSE='#'
DATASOURCE_ENABLED_cwd_TRUE=''
DATASOURCE_ENABLED_datetime_FALSE='#'
DATASOURCE_ENABLED_datetime_TRUE=''
DATASOURCE_ENABLED_domain_FALSE='#'
DATASOURCE_ENABLED_domain_TRUE=''
DATASOURCE_ENABLED_egid_FALSE='#'
DATASOURCE_ENABLED_egid_TRUE=''
DATASOURCE_ENABLED_egroup_FALSE='#'
DATASOURCE_ENABLED_egroup_TRUE=''
DATASOURCE_ENABLED_env_FALSE='#'
DATASOURCE_ENABLED_env_TRUE=''
DATASOURCE_ENABLED_env_all_FALSE='#'
DATASOURCE_ENABLED_env_all_TRUE=''
DATASOURCE_ENABLED_euid_FALSE='#'
DATASOURCE_ENABLED_euid_TRUE=''
DATASOURCE_ENABLED_eusername_FALSE='#'
DATASOURCE_ENABLED_eusername_TRUE=''
DATASOURCE_ENABLED_filename_FALSE='#'
DATASOURCE_ENABLED_filename_TRUE=''
DATASOURCE_ENABLED_gid_FALSE='#'
DATASOURCE_ENABLED_gid_TRUE=''
DATASOURCE_ENABLED_group_FALSE='#'
DATASOURCE_ENABLED_group_TRUE=''
DATASOURCE_ENABLED_hostname_FALSE='#'
DATASOURCE_ENABLED_hostname_TRUE=''
DATASOURCE_ENABLED_login_FALSE='#'
DATASOURCE_ENABLED_login_TRUE=''
DATASOURCE_ENABLED_pid_FALSE='#'
DATASOURCE_ENABLED_pid_TRUE=''
DATASOURCE_ENABLED_ppid_FALSE='#'
DATASOURCE_ENABLED_ppid_TRUE=''
DATASOURCE_ENABLED_rpname_FALSE='#'
DATASOURCE_ENABLED_rpname_TRUE=''
DATASOURCE_ENABLED_sid_FALSE='#'
DATASOURCE_ENABLED_sid_TRUE=''
DATASOURCE_ENABLED_snoopy_literal_FALSE='#'
DATASOURCE_ENABLED_snoopy_literal_TRUE=''
DATASOURCE_ENABLED_snoopy_threads_FALSE='#'
DATASOURCE_ENABLED_snoopy_threads_TRUE=''
DATASOURCE_ENABLED_snoopy_version_FALSE='#'
DATASOURCE_ENABLED_snoopy_version_TRUE=''
DATASOURCE_ENABLED_tid_FALSE='#'
DATASOURCE_ENABLED_tid_TRUE=''
DATASOURCE_ENABLED_tid_kernel_FALSE='#'
DATASOURCE_ENABLED_tid_kernel_TRUE=''
DATASOURCE_ENABLED_timestamp_FALSE='#'
DATASOURCE_ENABLED_timestamp_TRUE=''
DATASOURCE_ENABLED_timestamp_ms_FALSE='#'
DATASOURCE_ENABLED_timestamp_ms_TRUE=''
DATASOURCE_ENABLED_timestamp_us_FALSE='#'
DATASOURCE_ENABLED_timestamp_us_TRUE=''
DATASOURCE_ENABLED_tty_FALSE='#'
DATASOURCE_ENABLED_tty_TRUE=''
DATASOURCE_ENABLED_tty_uid_FALSE='#'
DATASOURCE_ENABLED_tty_uid_TRUE=''
DATASOURCE_ENABLED_tty_username_FALSE='#'
DATASOURCE_ENABLED_tty_username_TRUE=''
DATASOURCE_ENABLED_uid_FALSE='#'
DATASOURCE_ENABLED_uid_TRUE=''
DATASOURCE_ENABLED_username_FALSE='#'
DATASOURCE_ENABLED_username_TRUE=''
DEFS='-DHAVE_CONFIG_H'
DEPDIR='.deps'
DEV_TOOLS_ENABLED_FALSE=''
DEV_TOOLS_ENABLED_TRUE='#'
DLLTOOL='false'
DSYMUTIL=''
DUMPBIN=''
ECHO_C=''
ECHO_N='-n'
ECHO_T=''
EGREP='/bin/grep -E'
EXEEXT=''
FGREP='/bin/grep -F'
FILTERING_ENABLED_FALSE='#'
FILTERING_ENABLED_TRUE=''
FILTER_ENABLED_exclude_spawns_of_FALSE='#'
FILTER_ENABLED_exclude_spawns_of_TRUE=''
FILTER_ENABLED_exclude_uid_FALSE='#'
FILTER_ENABLED_exclude_uid_TRUE=''
FILTER_ENABLED_only_root_FALSE='#'
FILTER_ENABLED_only_root_TRUE=''
FILTER_ENABLED_only_tty_FALSE='#'
FILTER_ENABLED_only_tty_TRUE=''
FILTER_ENABLED_only_uid_FALSE='#'
FILTER_ENABLED_only_uid_TRUE=''
GREP='/bin/grep'
INSTALL_DATA='${INSTALL} -m 644'
INSTALL_PROGRAM='${INSTALL}'
INSTALL_SCRIPT='${INSTALL}'
INSTALL_STRIP_PROGRAM='$(install_sh) -c -s'
LD='/usr/bin/ld -m elf_x86_64'
LDFLAGS=''
LIBOBJS=''
LIBS='-lpthread -ldl '
LIBTOOL='$(SHELL) $(top_builddir)/libtool'
LIPO=''
LN_S='ln -s'
LTLIBOBJS=''
LT_SYS_LIBRARY_PATH=''
MAKEINFO='${SHELL} /etc/snoopy-2.4.9/build/aux/missing makeinfo'
MANIFEST_TOOL=':'
MKDIR_P='/bin/mkdir -p'
NM='/usr/bin/nm -B'
NMEDIT=''
OBJDUMP='objdump'
OBJEXT='o'
OTOOL64=''
OTOOL=''
OUTPUT_ENABLED_devlog_FALSE='#'
OUTPUT_ENABLED_devlog_TRUE=''
OUTPUT_ENABLED_devnull_FALSE='#'
OUTPUT_ENABLED_devnull_TRUE=''
OUTPUT_ENABLED_devtty_FALSE='#'
OUTPUT_ENABLED_devtty_TRUE=''
OUTPUT_ENABLED_file_FALSE='#'
OUTPUT_ENABLED_file_TRUE=''
OUTPUT_ENABLED_socket_FALSE='#'
OUTPUT_ENABLED_socket_TRUE=''
OUTPUT_ENABLED_stderr_FALSE='#'
OUTPUT_ENABLED_stderr_TRUE=''
OUTPUT_ENABLED_stdout_FALSE='#'
OUTPUT_ENABLED_stdout_TRUE=''
OUTPUT_ENABLED_syslog_FALSE=''
OUTPUT_ENABLED_syslog_TRUE='#'
PACKAGE='snoopy'
PACKAGE_BUGREPORT='https://github.com/a2o/snoopy/issues/'
PACKAGE_NAME='Snoopy Logger'
PACKAGE_STRING='Snoopy Logger 2.4.9'
PACKAGE_TARNAME='snoopy'
PACKAGE_URL='https://github.com/a2o/snoopy/'
PACKAGE_VERSION='2.4.9'
PATH_SEPARATOR=':'
PREFIX='/usr/local'
RANLIB='ranlib'
SED='/bin/sed'
SET_MAKE=''
SHELL='/bin/bash'
SNOOPY_CONF_MESSAGE_FORMAT='[uid:%{uid} sid:%{sid} tty:%{tty} cwd:%{cwd} filename:%{filename}]: %{cmdline}'
SNOOPY_LIBDIR='/usr/local/lib'
SNOOPY_PROG_DIRNAME_FOUND='yes'
SNOOPY_PROG_READLINK_FOUND='yes'
SNOOPY_PROG_SOCAT_FOUND='yes'
SNOOPY_PROG_WC_FOUND='yes'
STRIP='strip'
SYSCONFDIR='/etc'
THREAD_SAFETY_ENABLED_FALSE=''
THREAD_SAFETY_ENABLED_TRUE='#'
VERSION='2.4.9'
ac_ct_AR='ar'
ac_ct_CC='gcc'
ac_ct_CXX=''
ac_ct_DUMPBIN=''
am__EXEEXT_FALSE=''
am__EXEEXT_TRUE='#'
am__fastdepCC_FALSE='#'
am__fastdepCC_TRUE=''
am__fastdepCXX_FALSE=''
am__fastdepCXX_TRUE='#'
am__include='include'
am__isrc=''
am__leading_dot='.'
am__nodep='_no'
am__quote=''
am__tar='$${TAR-tar} chof - "$$tardir"'
am__untar='$${TAR-tar} xf -'
bindir='${exec_prefix}/bin'
build='x86_64-pc-linux-gnu'
build_alias=''
build_cpu='x86_64'
build_os='linux-gnu'
build_vendor='pc'
datadir='${datarootdir}'
datarootdir='${prefix}/share'
docdir='${datarootdir}/doc/${PACKAGE_TARNAME}'
dvidir='${docdir}'
enable_datasource_cmdline='yes'
enable_datasource_cwd='yes'
enable_datasource_datetime='yes'
enable_datasource_domain='yes'
enable_datasource_egid='yes'
enable_datasource_egroup='yes'
enable_datasource_env='yes'
enable_datasource_env_all='yes'
enable_datasource_euid='yes'
enable_datasource_eusername='yes'
enable_datasource_filename='yes'
enable_datasource_gid='yes'
enable_datasource_group='yes'
enable_datasource_hostname='yes'
enable_datasource_login='yes'
enable_datasource_pid='yes'
enable_datasource_ppid='yes'
enable_datasource_rpname='yes'
enable_datasource_sid='yes'
enable_datasource_snoopy_literal='yes'
enable_datasource_snoopy_threads='yes'
enable_datasource_snoopy_version='yes'
enable_datasource_tid='yes'
enable_datasource_tid_kernel='yes'
enable_datasource_timestamp='yes'
enable_datasource_timestamp_ms='yes'
enable_datasource_timestamp_us='yes'
enable_datasource_tty='yes'
enable_datasource_tty_uid='yes'
enable_datasource_tty_username='yes'
enable_datasource_uid='yes'
enable_datasource_username='yes'
enable_filter_exclude_spawns_of='yes'
enable_filter_exclude_uid='yes'
enable_filter_only_root='yes'
enable_filter_only_tty='yes'
enable_filter_only_uid='yes'
enable_output_devlog='yes'
enable_output_devnull='yes'
enable_output_devtty='yes'
enable_output_file='yes'
enable_output_socket='yes'
enable_output_stderr='yes'
enable_output_stdout='yes'
enable_output_syslog='no'
exec_prefix='${prefix}'
host='x86_64-pc-linux-gnu'
host_alias=''
host_cpu='x86_64'
host_os='linux-gnu'
host_vendor='pc'
htmldir='${docdir}'
includedir='${prefix}/include'
infodir='${datarootdir}/info'
install_sh='${SHELL} /etc/snoopy-2.4.9/build/aux/install-sh'
libdir='${exec_prefix}/lib'
libexecdir='${exec_prefix}/libexec'
localedir='${datarootdir}/locale'
localstatedir='${prefix}/var'
mandir='${datarootdir}/man'
mkdir_p='$(MKDIR_P)'
oldincludedir='/usr/include'
pdfdir='${docdir}'
prefix='/usr/local'
program_transform_name='s,x,x,'
psdir='${docdir}'
runstatedir='${localstatedir}/run'
sbindir='${exec_prefix}/sbin'
sharedstatedir='${prefix}/com'
sysconfdir='/etc'
target_alias=''

## ----------- ##
## confdefs.h. ##
## ----------- ##

/* confdefs.h */
#define PACKAGE_NAME "Snoopy Logger"
#define PACKAGE_TARNAME "snoopy"
#define PACKAGE_VERSION "2.4.9"
#define PACKAGE_STRING "Snoopy Logger 2.4.9"
#define PACKAGE_BUGREPORT "https://github.com/a2o/snoopy/issues/"
#define PACKAGE_URL "https://github.com/a2o/snoopy/"
#define PACKAGE "snoopy"
#define VERSION "2.4.9"
#define STDC_HEADERS 1
#define HAVE_SYS_TYPES_H 1
#define HAVE_SYS_STAT_H 1
#define HAVE_STDLIB_H 1
#define HAVE_STRING_H 1
#define HAVE_MEMORY_H 1
#define HAVE_STRINGS_H 1
#define HAVE_INTTYPES_H 1
#define HAVE_STDINT_H 1
#define HAVE_UNISTD_H 1
#define HAVE_DLFCN_H 1
#define LT_OBJDIR ".libs/"
#define HAVE_LIBDL 1
#define HAVE_CTYPE_H 1
#define HAVE_DLFCN_H 1
#define HAVE_ERRNO_H 1
#define HAVE_FCNTL_H 1
#define HAVE_FEATURES_H 1
#define HAVE_GRP_H 1
#define HAVE_LIMITS_H 1
#define HAVE_PWD_H 1
#define HAVE_STDIO_H 1
#define HAVE_STDLIB_H 1
#define HAVE_STRING_H 1
#define HAVE_SYSLOG_H 1
#define HAVE_SYS_SOCKET_H 1
#define HAVE_SYS_STAT_H 1
#define HAVE_SYS_SYSCALL_H 1
#define HAVE_SYS_TIME_H 1
#define HAVE_SYS_TYPES_H 1
#define HAVE_SYS_UN_H 1
#define HAVE_TIME_H 1
#define HAVE_UNISTD_H 1
#define HAVE_FORK 1
#define HAVE_VFORK 1
#define HAVE_WORKING_VFORK 1
#define HAVE_WORKING_FORK 1
#define HAVE_STDLIB_H 1
#define HAVE_MALLOC 1
#define HAVE_STDLIB_H 1
#define HAVE_REALLOC 1
#define HAVE_GETCWD 1
#define HAVE_GETHOSTNAME 1
#define HAVE_GETSID 1
#define HAVE_GETTIMEOFDAY 1
#define HAVE_LOCALTIME_R 1
#define HAVE_SOCKET 1
#define HAVE_STRCHR 1
#define HAVE_STRDUP 1
#define HAVE_STRSTR 1
#define SNOOPY_CONF_CONFIGFILE_ENABLED 1
#define SNOOPY_CONF_CONFIGFILE_PATH "/etc/snoopy.ini"
#define SNOOPY_CONF_DATASOURCE_ENABLED_cmdline 1
#define SNOOPY_CONF_DATASOURCE_ENABLED_cwd 1
#define SNOOPY_CONF_DATASOURCE_ENABLED_datetime 1
#define SNOOPY_CONF_DATASOURCE_ENABLED_domain 1
#define SNOOPY_CONF_DATASOURCE_ENABLED_egid 1
#define SNOOPY_CONF_DATASOURCE_ENABLED_egroup 1
#define SNOOPY_CONF_DATASOURCE_ENABLED_env 1
#define SNOOPY_CONF_DATASOURCE_ENABLED_env_all 1
#define SNOOPY_CONF_DATASOURCE_ENABLED_euid 1
#define SNOOPY_CONF_DATASOURCE_ENABLED_eusername 1
#define SNOOPY_CONF_DATASOURCE_ENABLED_filename 1
#define SNOOPY_CONF_DATASOURCE_ENABLED_gid 1
#define SNOOPY_CONF_DATASOURCE_ENABLED_group 1
#define SNOOPY_CONF_DATASOURCE_ENABLED_hostname 1
#define SNOOPY_CONF_DATASOURCE_ENABLED_login 1
#define SNOOPY_CONF_DATASOURCE_ENABLED_pid 1
#define SNOOPY_CONF_DATASOURCE_ENABLED_ppid 1
#define SNOOPY_CONF_DATASOURCE_ENABLED_rpname 1
#define SNOOPY_CONF_DATASOURCE_ENABLED_sid 1
#define SNOOPY_CONF_DATASOURCE_ENABLED_snoopy_literal 1
#define SNOOPY_CONF_DATASOURCE_ENABLED_snoopy_threads 1
#define SNOOPY_CONF_DATASOURCE_ENABLED_snoopy_version 1
#define SNOOPY_CONF_DATASOURCE_ENABLED_tid 1
#define SNOOPY_CONF_DATASOURCE_ENABLED_tid_kernel 1
#define SNOOPY_CONF_DATASOURCE_ENABLED_timestamp 1
#define SNOOPY_CONF_DATASOURCE_ENABLED_timestamp_ms 1
#define SNOOPY_CONF_DATASOURCE_ENABLED_timestamp_us 1
#define SNOOPY_CONF_DATASOURCE_ENABLED_tty 1
#define SNOOPY_CONF_DATASOURCE_ENABLED_tty_uid 1
#define SNOOPY_CONF_DATASOURCE_ENABLED_tty_username 1
#define SNOOPY_CONF_DATASOURCE_ENABLED_uid 1
#define SNOOPY_CONF_DATASOURCE_ENABLED_username 1
#define SNOOPY_CONF_MESSAGE_FORMAT "[uid:%{uid} sid:%{sid} tty:%{tty} cwd:%{cwd} filename:%{filename}]: %{cmdline}"
#define SNOOPY_CONF_FILTERING_ENABLED 1
#define SNOOPY_CONF_FILTER_ENABLED_exclude_spawns_of 1
#define SNOOPY_CONF_FILTER_ENABLED_exclude_uid 1
#define SNOOPY_CONF_FILTER_ENABLED_only_root 1
#define SNOOPY_CONF_FILTER_ENABLED_only_tty 1
#define SNOOPY_CONF_FILTER_ENABLED_only_uid 1
#define SNOOPY_CONF_FILTER_CHAIN ""
#define SNOOPY_CONF_OUTPUT_ENABLED_devlog 1
#define SNOOPY_CONF_OUTPUT_ENABLED_devnull 1
#define SNOOPY_CONF_OUTPUT_ENABLED_devtty 1
#define SNOOPY_CONF_OUTPUT_ENABLED_file 1
#define SNOOPY_CONF_OUTPUT_ENABLED_socket 1
#define SNOOPY_CONF_OUTPUT_ENABLED_stderr 1
#define SNOOPY_CONF_OUTPUT_ENABLED_stdout 1
#define SNOOPY_CONF_SYSLOG_FACILITY LOG_AUTHPRIV
#define SNOOPY_CONF_SYSLOG_LEVEL LOG_INFO
#define SNOOPY_CONF_SYSLOG_IDENT "snoopy"
#define HAVE_LIBPTHREAD 1

configure: exit 0
